############### First Running #################
RT/T=160.000,180.000,A=0.0,V=1.000,1.000,1.000,S=90
RT/T=240.000,264.400,A=0.0,V=1.844,1.844,1.844,S=120
RT/T=280.000,306.600,A=0.0,V=1.000,1.000,1.000,S=60
RT/T=361.000,391.001,A=0.0,V=1.844,1.844,1.844,S=120
RT/T=400.000,433.201,A=0.0,V=1.000,1.000,1.000,S=60
RT/T=480.000,517.601,A=0.0,V=1.844,1.844,1.844,S=120
RT/T=520.000,559.801,A=0.0,V=1.000,1.000,1.000,S=60
RT/T=659.000,644.201,A=0.0,V=1.844,1.844,1.844,S=120
RT/T=680.000,686.401,A=0.0,V=1.000,1.000,1.000,S=60
RT/T=759.000,770.801,A=0.0,V=1.844,1.844,1.844,S=120
RT/T=801.000,813.001,A=0.0,V=1.000,1.000,1.000,S=60
RT/T=880.000,897.402,A=0.0,V=1.844,1.844,1.844,S=120
RT/T=920.000,939.602,A=0.0,V=1.000,1.000,1.000,S=60
RT/T=1001.000,1024.002,A=0.0,V=1.844,1.844,1.844,S=120
RT/T=1040.000,1066.202,A=0.0,V=1.000,1.000,1.000,S=60
RT/T=1120.000,1150.602,A=0.0,V=1.844,1.844,1.844,S=120
RT/T=1160.000,1192.802,A=0.0,V=1.000,1.000,1.000,S=60
RT/T=1240.000,1277.202,A=0.0,V=1.844,1.844,1.844,S=120
RT/T=1282.000,1319.402,A=0.0,V=1.000,1.000,1.000,S=60
RT/T=1399.000,1403.803,A=0.0,V=1.844,1.844,1.844,S=120
RT/T=1440.000,1446.003,A=0.0,V=1.000,1.000,1.000,S=60
RT/T=1520.000,1530.403,A=0.0,V=1.844,1.844,1.844,S=120
RT/T=1561.000,1572.603,A=0.0,V=1.000,1.000,1.000,S=60
RT/T=1640.000,1657.003,A=0.0,V=1.844,1.844,1.844,S=120
RT/T=1681.000,1699.203,A=0.0,V=1.000,1.000,1.000,S=60
RT/T=1759.000,1783.603,A=0.0,V=1.844,1.844,1.844,S=120
RT/T=1800.000,1825.804,A=0.0,V=1.000,1.000,1.000,S=60
RT/T=1880.000,1910.204,A=0.0,V=1.844,1.844,1.844,S=120
RT/T=1920.000,1952.404,A=0.0,V=1.000,1.000,1.000,S=60
RT/T=2000.000,2028.038,A=-45.0,V=0.377,1.623,0.377,S=76
RT/T=2079.000,2103.671,A=-90.0,V=1.000,1.000,1.000,S=76
RT/T=2160.000,2188.071,A=-90.0,V=1.844,1.844,1.844,S=120
RT/T=2200.000,2230.272,A=-90.0,V=1.000,1.000,1.000,S=60
RT/T=2280.000,2314.672,A=-90.0,V=1.844,1.844,1.844,S=120
RT/T=2320.000,2356.872,A=-90.0,V=1.000,1.000,1.000,S=60
RT/T=2440.000,2441.272,A=-90.0,V=1.844,1.844,1.844,S=120
RT/T=2480.000,2483.472,A=-90.0,V=1.000,1.000,1.000,S=60
RT/T=2561.000,2567.872,A=-90.0,V=1.844,1.844,1.844,S=120
RT/T=2600.000,2610.072,A=-90.0,V=1.000,1.000,1.000,S=60
RT/T=2683.000,2694.473,A=-90.0,V=1.844,1.844,1.844,S=120
RT/T=2720.000,2736.673,A=-90.0,V=1.000,1.000,1.000,S=60
RT/T=2800.000,2821.073,A=-90.0,V=1.844,1.844,1.844,S=120
RT/T=2840.000,2863.273,A=-90.0,V=1.000,1.000,1.000,S=60
RT/T=2920.000,2947.673,A=-90.0,V=1.844,1.844,1.844,S=120
RT/T=2960.000,2989.873,A=-90.0,V=1.000,1.000,1.000,S=60
RT/T=3040.000,3074.273,A=-90.0,V=1.844,1.844,1.844,S=120
RT/T=3079.000,3116.473,A=-90.0,V=1.000,1.000,1.000,S=60
RT/T=3200.000,3200.874,A=-90.0,V=1.844,1.844,1.844,S=120
RT/T=3240.000,3243.074,A=-90.0,V=1.000,1.000,1.000,S=60
RT/T=3320.000,3327.474,A=-90.0,V=1.844,1.844,1.844,S=120
RT/T=3360.000,3369.674,A=-90.0,V=1.000,1.000,1.000,S=60
RT/T=3440.000,3454.074,A=-90.0,V=1.844,1.844,1.844,S=120
RT/T=3480.000,3496.274,A=-90.0,V=1.000,1.000,1.000,S=60
RT/T=3560.000,3580.674,A=-90.0,V=1.844,1.844,1.844,S=120
RT/T=3602.000,3622.874,A=-90.0,V=1.000,1.000,1.000,S=60
RT/T=3683.000,3707.275,A=-90.0,V=1.844,1.844,1.844,S=120
RT/T=3721.000,3749.475,A=-90.0,V=1.000,1.000,1.000,S=60
RT/T=3800.000,3833.875,A=-90.0,V=1.844,1.844,1.844,S=120
RT/T=3840.000,3876.075,A=-90.0,V=1.000,1.000,1.000,S=60
RT/T=3920.000,3951.709,A=-135.0,V=0.377,1.623,0.377,S=76
RT/T=4000.000,4027.343,A=-180.0,V=1.000,1.000,1.000,S=76
RT/T=4080.000,4111.743,A=-180.0,V=1.844,1.844,1.844,S=120
RT/T=4120.000,4153.943,A=-180.0,V=1.000,1.000,1.000,S=60
RT/T=4200.000,4238.343,A=-180.0,V=1.844,1.844,1.844,S=120
RT/T=4280.000,4280.543,A=-180.0,V=1.000,1.000,1.000,S=60
RT/T=4360.000,4364.943,A=-180.0,V=1.844,1.844,1.844,S=120
RT/T=4399.000,4407.143,A=-180.0,V=1.000,1.000,1.000,S=60
RT/T=4480.000,4491.544,A=-180.0,V=1.844,1.844,1.844,S=120
RT/T=4520.000,4533.744,A=-180.0,V=1.000,1.000,1.000,S=60
RT/T=4600.000,4618.144,A=-180.0,V=1.844,1.844,1.844,S=120
RT/T=4640.000,4660.344,A=-180.0,V=1.000,1.000,1.000,S=60
RT/T=4720.000,4744.744,A=-180.0,V=1.844,1.844,1.844,S=120
RT/T=4759.000,4786.944,A=-180.0,V=1.000,1.000,1.000,S=60
RT/T=4848.000,4871.344,A=-180.0,V=1.844,1.844,1.844,S=120
RT/T=4880.000,4913.544,A=-180.0,V=1.000,1.000,1.000,S=60
RT/T=4960.000,4997.945,A=-180.0,V=1.844,1.844,1.844,S=120
RT/T=5040.000,5040.145,A=-180.0,V=1.000,1.000,1.000,S=60
RT/T=5120.000,5124.545,A=-180.0,V=1.844,1.844,1.844,S=120
RT/T=5160.000,5166.745,A=-180.0,V=1.000,1.000,1.000,S=60
RT/T=5240.000,5251.145,A=-180.0,V=1.844,1.844,1.844,S=120
RT/T=5280.000,5293.345,A=-180.0,V=1.000,1.000,1.000,S=60
RT/T=5360.000,5377.745,A=-180.0,V=1.844,1.844,1.844,S=120
RT/T=5399.000,5419.945,A=-180.0,V=1.000,1.000,1.000,S=60
RT/T=5480.000,5504.346,A=-180.0,V=1.844,1.844,1.844,S=120
RT/T=5520.000,5546.546,A=-180.0,V=1.000,1.000,1.000,S=60
RT/T=5600.000,5630.946,A=-180.0,V=1.844,1.844,1.844,S=120
RT/T=5640.000,5673.146,A=-180.0,V=1.000,1.000,1.000,S=60
RT/T=5719.000,5757.546,A=-180.0,V=1.844,1.844,1.844,S=120
RT/T=5760.000,5799.746,A=-180.0,V=1.000,1.000,1.000,S=60
RT/T=5840.000,5875.380,A=-225.0,V=0.377,1.623,0.377,S=76
RT/T=5920.000,5951.014,A=-270.0,V=1.000,1.000,1.000,S=76
RT/T=6000.000,6035.414,A=-270.0,V=1.844,1.844,1.844,S=120
RT/T=6041.000,6077.614,A=-270.0,V=1.000,1.000,1.000,S=60
RT/T=6160.000,6162.014,A=-270.0,V=1.844,1.844,1.844,S=120
RT/T=6200.000,6204.214,A=-270.0,V=1.000,1.000,1.000,S=60
RT/T=6280.000,6288.615,A=-270.0,V=1.844,1.844,1.844,S=120
RT/T=6320.000,6330.815,A=-270.0,V=1.000,1.000,1.000,S=60
RT/T=6399.000,6415.215,A=-270.0,V=1.844,1.844,1.844,S=120
RT/T=6440.000,6457.415,A=-270.0,V=1.000,1.000,1.000,S=60
RT/T=6520.000,6541.815,A=-270.0,V=1.844,1.844,1.844,S=120
RT/T=6560.000,6584.015,A=-270.0,V=1.000,1.000,1.000,S=60
RT/T=6640.000,6668.415,A=-270.0,V=1.844,1.844,1.844,S=120
RT/T=6680.000,6710.615,A=-270.0,V=1.000,1.000,1.000,S=60
RT/T=6760.000,6795.016,A=-270.0,V=1.844,1.844,1.844,S=120
RT/T=6800.000,6837.216,A=-270.0,V=1.000,1.000,1.000,S=60
RT/T=6920.000,6921.616,A=-270.0,V=1.844,1.844,1.844,S=120
RT/T=6960.000,6963.816,A=-270.0,V=1.000,1.000,1.000,S=60
RT/T=7040.000,7048.216,A=-270.0,V=1.844,1.844,1.844,S=120
RT/T=7080.000,7090.416,A=-270.0,V=1.000,1.000,1.000,S=60
RT/T=7160.000,7174.816,A=-270.0,V=1.844,1.844,1.844,S=120
RT/T=7200.000,7217.016,A=-270.0,V=1.000,1.000,1.000,S=60
RT/T=7280.000,7301.417,A=-270.0,V=1.844,1.844,1.844,S=120
RT/T=7320.000,7343.617,A=-270.0,V=1.000,1.000,1.000,S=60
RT/T=7399.000,7428.017,A=-270.0,V=1.844,1.844,1.844,S=120
RT/T=7440.000,7470.217,A=-270.0,V=1.000,1.000,1.000,S=60
RT/T=7520.000,7545.851,A=-315.0,V=0.377,1.623,0.377,S=76
RT/T=7600.000,7621.485,A=-360.0,V=1.000,1.000,1.000,S=76
RT/T=7680.000,7697.118,A=-315.0,V=1.623,0.377,1.623,S=76
RT/T=7760.000,7772.752,A=-270.0,V=1.000,1.000,1.000,S=76
RT/T=7921.000,7952.752,A=-270.0,V=0.000,0.000,0.000,S=90
RT/T=8120.000,8129.997,A=-180.0,V=0.532,-0.532,0.532,S=0
RT/T=8280.000,8307.243,A=-90.0,V=0.000,0.000,0.000,S=0
RT/T=8480.000,8487.243,A=-90.0,V=1.000,1.000,1.000,S=90
RT/T=8560.000,8562.877,A=-135.0,V=0.377,1.623,0.377,S=76
RT/T=8600.000,8638.510,A=-180.0,V=1.000,1.000,1.000,S=76
RT/T=8680.000,8714.144,A=-135.0,V=1.623,0.377,1.623,S=76
RT/T=8760.000,8789.778,A=-90.0,V=1.000,1.000,1.000,S=76
RT/T=9079.000,9089.778,A=-90.0,V=4.000,4.000,4.000,S=750
RT/T=9320.000,9342.528,A=-90.0,V=4.000,4.000,4.000,S=1011
RT/T=9480.000,9492.528,A=-90.0,V=1.000,1.000,1.000,S=375
RT/T=9560.000,9563.214,A=-45.0,V=2.333,1.000,2.333,S=94
RT/T=9600.000,9633.899,A=0.0,V=1.000,1.000,1.000,S=94
RT/T=9920.000,9933.899,A=-0.0,V=4.000,4.000,4.000,S=750
RT/T=10200.000,10231.653,A=-0.0,V=4.000,4.000,4.000,S=1191
RT/T=10360.000,10381.653,A=-0.0,V=1.000,1.000,1.000,S=375
RT/T=10440.000,10457.287,A=45.0,V=1.623,0.377,1.623,S=76
RT/T=10521.000,10532.921,A=90.0,V=1.000,1.000,1.000,S=76
RT/T=10600.000,10608.554,A=135.0,V=1.623,0.377,1.623,S=76
RT/T=10680.000,10684.188,A=180.0,V=1.000,1.000,1.000,S=76
RT/T=10721.000,10759.822,A=135.0,V=0.377,1.623,0.377,S=76
RT/T=10800.000,10835.456,A=90.0,V=1.000,1.000,1.000,S=76
RT/T=10880.000,10911.089,A=45.0,V=0.377,1.623,0.377,S=76
RT/T=10960.000,10986.723,A=-0.0,V=1.000,1.000,1.000,S=76
RT/T=11039.000,11062.357,A=45.0,V=1.623,0.377,1.623,S=76
RT/T=11120.000,11137.991,A=90.0,V=1.000,1.000,1.000,S=76
RT/T=11200.000,11213.624,A=135.0,V=1.623,0.377,1.623,S=76
RT/T=11280.000,11289.258,A=180.0,V=1.000,1.000,1.000,S=76
RT/T=11360.000,11364.892,A=135.0,V=0.377,1.623,0.377,S=76
RT/T=11440.000,11440.526,A=90.0,V=1.000,1.000,1.000,S=76
RT/T=11480.000,11516.160,A=45.0,V=0.377,1.623,0.377,S=76
RT/T=11560.000,11591.793,A=-0.0,V=1.000,1.000,1.000,S=76
RT/T=11640.000,11667.427,A=45.0,V=1.623,0.377,1.623,S=76
RT/T=11719.000,11743.061,A=90.0,V=1.000,1.000,1.000,S=76
RT/T=11800.000,11827.461,A=90.0,V=1.844,1.844,1.844,S=120
RT/T=11840.000,11869.661,A=90.0,V=1.000,1.000,1.000,S=60
RT/T=11921.000,11954.061,A=90.0,V=1.844,1.844,1.844,S=120
RT/T=11960.000,11996.261,A=90.0,V=1.000,1.000,1.000,S=60
RT/T=12081.000,12080.662,A=90.0,V=1.844,1.844,1.844,S=120
RT/T=12120.000,12122.862,A=90.0,V=1.000,1.000,1.000,S=60
RT/T=12160.000,12198.495,A=135.0,V=1.623,0.377,1.623,S=76
RT/T=12240.000,12274.129,A=180.0,V=1.000,1.000,1.000,S=76
RT/T=12320.000,12349.763,A=135.0,V=0.377,1.623,0.377,S=76
RT/T=12399.000,12425.397,A=90.0,V=1.000,1.000,1.000,S=76
RT/T=12482.000,12501.030,A=135.0,V=1.623,0.377,1.623,S=76
RT/T=12560.000,12576.664,A=180.0,V=1.000,1.000,1.000,S=76
RT/T=12642.000,12652.298,A=225.0,V=1.623,0.377,1.623,S=76
RT/T=12720.000,12727.932,A=270.0,V=1.000,1.000,1.000,S=76
RT/T=12802.000,12812.332,A=270.0,V=1.844,1.844,1.844,S=120
RT/T=12840.000,12854.532,A=270.0,V=1.000,1.000,1.000,S=60
RT/T=12920.000,12930.166,A=225.0,V=0.377,1.623,0.377,S=76
RT/T=13000.000,13005.800,A=180.0,V=1.000,1.000,1.000,S=76
RT/T=13080.000,13081.433,A=135.0,V=0.377,1.623,0.377,S=76
RT/T=13120.000,13157.067,A=90.0,V=1.000,1.000,1.000,S=76
RT/T=13240.000,13241.467,A=90.0,V=1.844,1.844,1.844,S=120
RT/T=13280.000,13283.667,A=90.0,V=1.000,1.000,1.000,S=60
RT/T=13360.000,13368.068,A=90.0,V=1.844,1.844,1.844,S=120
RT/T=13399.000,13410.268,A=90.0,V=1.000,1.000,1.000,S=60
RT/T=13480.000,13485.901,A=135.0,V=1.623,0.377,1.623,S=76
RT/T=13560.000,13561.535,A=180.0,V=1.000,1.000,1.000,S=76
RT/T=13640.000,13645.935,A=180.0,V=1.844,1.844,1.844,S=120
RT/T=13680.000,13688.135,A=180.0,V=1.000,1.000,1.000,S=60
RT/T=13840.000,13868.135,A=180.0,V=-0.000,0.000,-0.000,S=90
RT/T=14039.000,14045.381,A=270.0,V=0.532,-0.532,0.532,S=-0
RT/T=14200.000,14222.626,A=360.0,V=-0.000,0.000,-0.000,S=-0
RT/T=14400.000,14402.626,A=360.0,V=1.000,1.000,1.000,S=90
RT/T=14440.000,14478.260,A=405.0,V=1.623,0.377,1.623,S=76
RT/T=14520.000,14553.894,A=450.0,V=1.000,1.000,1.000,S=76
RT/T=14600.000,14638.294,A=450.0,V=1.844,1.844,1.844,S=120
RT/T=14681.000,14680.494,A=450.0,V=1.000,1.000,1.000,S=60
RT/T=14840.000,14860.494,A=450.0,V=-0.000,0.000,-0.000,S=90
RT/T=15000.000,15037.740,A=540.0,V=0.532,-0.532,0.532,S=-0
RT/T=15200.000,15214.985,A=630.0,V=-0.000,0.000,-0.000,S=-0
RT/T=15359.000,15394.985,A=630.0,V=1.000,1.000,1.000,S=90
RT/T=15440.000,15479.385,A=630.0,V=1.844,1.844,1.844,S=120
RT/T=15520.000,15521.585,A=630.0,V=1.000,1.000,1.000,S=60
RT/T=15560.000,15597.219,A=675.0,V=1.623,0.377,1.623,S=76
RT/T=15640.000,15672.853,A=720.0,V=1.000,1.000,1.000,S=76
RT/T=15719.000,15748.487,A=765.0,V=1.623,0.377,1.623,S=76
RT/T=15802.000,15824.120,A=810.0,V=1.000,1.000,1.000,S=76
RT/T=15880.000,15908.520,A=810.0,V=1.844,1.844,1.844,S=120
RT/T=15920.000,15950.721,A=810.0,V=1.000,1.000,1.000,S=60
RT/T=16000.000,16035.121,A=810.0,V=1.844,1.844,1.844,S=120
RT/T=16039.000,16077.321,A=810.0,V=1.000,1.000,1.000,S=60
RT/T=16120.000,16152.955,A=855.0,V=1.623,0.377,1.623,S=76
RT/T=16200.000,16228.588,A=900.0,V=1.000,1.000,1.000,S=76
RT/T=16400.000,16408.588,A=900.0,V=-0.000,0.000,-0.000,S=90
RT/T=16560.000,16585.834,A=990.0,V=0.532,-0.532,0.532,S=-0
RT/T=16761.000,16763.079,A=1080.0,V=-0.000,0.000,-0.000,S=-0
RT/T=16920.000,16943.079,A=1080.0,V=1.000,1.000,1.000,S=90
RT/T=17000.000,17027.479,A=1080.0,V=1.844,1.844,1.844,S=120
RT/T=17039.000,17069.679,A=1080.0,V=1.000,1.000,1.000,S=60
RT/T=17121.000,17154.080,A=1080.0,V=1.844,1.844,1.844,S=120
RT/T=17160.000,17196.280,A=1080.0,V=1.000,1.000,1.000,S=60
RT/T=17280.000,17280.680,A=1080.0,V=1.844,1.844,1.844,S=120
RT/T=17320.000,17322.880,A=1080.0,V=1.000,1.000,1.000,S=60
RT/T=17359.000,17398.514,A=1125.0,V=1.623,0.377,1.623,S=76
RT/T=17440.000,17474.148,A=1170.0,V=1.000,1.000,1.000,S=76
RT/T=17520.000,17549.781,A=1215.0,V=1.623,0.377,1.623,S=76
RT/T=17600.000,17625.415,A=1260.0,V=1.000,1.000,1.000,S=76
RT/T=17680.000,17709.815,A=1260.0,V=1.844,1.844,1.844,S=120
RT/T=17719.000,17752.015,A=1260.0,V=1.000,1.000,1.000,S=60
RT/T=17813.000,17836.416,A=1260.0,V=1.844,1.844,1.844,S=120
RT/T=17840.000,17878.616,A=1260.0,V=1.000,1.000,1.000,S=60
RT/T=17960.000,17963.016,A=1260.0,V=1.844,1.844,1.844,S=120
RT/T=18000.000,18005.216,A=1260.0,V=1.000,1.000,1.000,S=60
RT/T=18092.000,18089.616,A=1260.0,V=1.844,1.844,1.844,S=120
RT/T=18121.000,18131.816,A=1260.0,V=1.000,1.000,1.000,S=60
RT/T=18200.000,18216.216,A=1260.0,V=1.844,1.844,1.844,S=120
RT/T=18240.000,18258.416,A=1260.0,V=1.000,1.000,1.000,S=60
RT/T=18320.000,18342.817,A=1260.0,V=1.844,1.844,1.844,S=120
RT/T=18360.000,18385.017,A=1260.0,V=1.000,1.000,1.000,S=60
RT/T=18440.000,18460.650,A=1305.0,V=1.623,0.377,1.623,S=76
RT/T=18520.000,18536.284,A=1350.0,V=1.000,1.000,1.000,S=76
RT/T=18600.000,18620.684,A=1350.0,V=1.844,1.844,1.844,S=120
RT/T=18640.000,18662.884,A=1350.0,V=1.000,1.000,1.000,S=60
RT/T=18842.000,18842.885,A=1350.0,V=-0.000,0.000,-0.000,S=90
RT/T=19000.000,19020.130,A=1440.0,V=0.532,-0.532,0.532,S=-0
RT/T=19164.000,19197.375,A=1530.0,V=-0.000,0.000,-0.000,S=-0
RT/T=19359.000,19377.375,A=1530.0,V=1.000,1.000,1.000,S=90
RT/T=19440.000,19461.776,A=1530.0,V=1.844,1.844,1.844,S=120
RT/T=19482.000,19503.976,A=1530.0,V=1.000,1.000,1.000,S=60
RT/T=19560.000,19579.609,A=1575.0,V=1.623,0.377,1.623,S=76
RT/T=19640.000,19655.243,A=1620.0,V=1.000,1.000,1.000,S=76
RT/T=19720.000,19730.877,A=1665.0,V=1.623,0.377,1.623,S=76
RT/T=19800.000,19806.511,A=1710.0,V=1.000,1.000,1.000,S=76
RT/T=19881.000,19890.911,A=1710.0,V=1.844,1.844,1.844,S=120
RT/T=19920.000,19933.111,A=1710.0,V=1.000,1.000,1.000,S=60
RT/T=20000.000,20017.511,A=1710.0,V=1.844,1.844,1.844,S=120
RT/T=20039.000,20059.711,A=1710.0,V=1.000,1.000,1.000,S=60
RT/T=20120.000,20135.345,A=1665.0,V=0.377,1.623,0.377,S=76
RT/T=20201.000,20210.979,A=1620.0,V=1.000,1.000,1.000,S=76
RT/T=20280.000,20295.379,A=1620.0,V=1.844,1.844,1.844,S=120
RT/T=20320.000,20337.579,A=1620.0,V=1.000,1.000,1.000,S=60
RT/T=20400.000,20413.213,A=1665.0,V=1.623,0.377,1.623,S=76
RT/T=20485.000,20488.847,A=1710.0,V=1.000,1.000,1.000,S=76
RT/T=20560.000,20564.480,A=1755.0,V=1.623,0.377,1.623,S=76
RT/T=20640.000,20640.114,A=1800.0,V=1.000,1.000,1.000,S=76
RT/T=20721.000,20724.514,A=1800.0,V=1.844,1.844,1.844,S=120
RT/T=20760.000,20766.714,A=1800.0,V=1.000,1.000,1.000,S=60
RT/T=20841.000,20851.115,A=1800.0,V=1.844,1.844,1.844,S=120
RT/T=20895.000,20893.315,A=1800.0,V=1.000,1.000,1.000,S=60
RT/T=20971.000,20977.715,A=1800.0,V=1.844,1.844,1.844,S=120
RT/T=21000.000,21019.915,A=1800.0,V=1.000,1.000,1.000,S=60
RT/T=21080.000,21095.549,A=1755.0,V=0.377,1.623,0.377,S=76
RT/T=21160.000,21171.182,A=1710.0,V=1.000,1.000,1.000,S=76
RT/T=21240.000,21246.816,A=1755.0,V=1.623,0.377,1.623,S=76
RT/T=21320.000,21322.450,A=1800.0,V=1.000,1.000,1.000,S=76
RT/T=21359.000,21398.084,A=1755.0,V=0.377,1.623,0.377,S=76
RT/T=21440.000,21473.717,A=1710.0,V=1.000,1.000,1.000,S=76
RT/T=21520.000,21558.118,A=1710.0,V=1.844,1.844,1.844,S=120
RT/T=21601.000,21600.318,A=1710.0,V=1.000,1.000,1.000,S=60
RT/T=21760.000,21780.318,A=1710.0,V=-0.000,0.000,-0.000,S=90
RT/T=21920.000,21957.563,A=1800.0,V=0.532,-0.532,0.532,S=-0
RT/T=22120.000,22134.809,A=1890.0,V=-0.000,0.000,-0.000,S=-0
RT/T=22280.000,22314.809,A=1890.0,V=1.000,1.000,1.000,S=90
RT/T=22359.000,22399.209,A=1890.0,V=1.844,1.844,1.844,S=120
RT/T=22440.000,22441.409,A=1890.0,V=1.000,1.000,1.000,S=60
RT/T=22480.000,22517.043,A=1845.0,V=0.377,1.623,0.377,S=76
RT/T=22560.000,22592.676,A=1800.0,V=1.000,1.000,1.000,S=76
RT/T=22640.000,22668.310,A=1755.0,V=0.377,1.623,0.377,S=76
RT/T=22720.000,22743.944,A=1710.0,V=1.000,1.000,1.000,S=76
RT/T=22800.000,22828.344,A=1710.0,V=1.844,1.844,1.844,S=120
RT/T=22840.000,22870.544,A=1710.0,V=1.000,1.000,1.000,S=60
RT/T=22920.000,22954.944,A=1710.0,V=1.844,1.844,1.844,S=120
RT/T=22960.000,22997.144,A=1710.0,V=1.000,1.000,1.000,S=60
RT/T=23082.000,23081.545,A=1710.0,V=1.844,1.844,1.844,S=120
RT/T=23120.000,23123.745,A=1710.0,V=1.000,1.000,1.000,S=60
RT/T=23200.000,23208.145,A=1710.0,V=1.844,1.844,1.844,S=120
RT/T=23240.000,23250.345,A=1710.0,V=1.000,1.000,1.000,S=60
RT/T=23320.000,23334.745,A=1710.0,V=1.844,1.844,1.844,S=120
RT/T=23359.000,23376.945,A=1710.0,V=1.000,1.000,1.000,S=60
RT/T=23440.000,23461.345,A=1710.0,V=1.844,1.844,1.844,S=120
RT/T=23480.000,23503.546,A=1710.0,V=1.000,1.000,1.000,S=60
RT/T=23560.000,23579.179,A=1665.0,V=0.377,1.623,0.377,S=76
RT/T=23689.000,23654.813,A=1620.0,V=1.000,1.000,1.000,S=76
RT/T=23721.000,23730.447,A=1575.0,V=0.377,1.623,0.377,S=76
RT/T=23809.000,23806.081,A=1530.0,V=1.000,1.000,1.000,S=76
RT/T=23881.000,23890.481,A=1530.0,V=1.844,1.844,1.844,S=120
RT/T=23920.000,23932.681,A=1530.0,V=1.000,1.000,1.000,S=60
RT/T=23999.000,24017.081,A=1530.0,V=1.844,1.844,1.844,S=120
RT/T=24040.000,24059.281,A=1530.0,V=1.000,1.000,1.000,S=60
RT/T=24120.000,24143.681,A=1530.0,V=1.844,1.844,1.844,S=120
RT/T=24160.000,24185.881,A=1530.0,V=1.000,1.000,1.000,S=60
RT/T=24240.000,24261.515,A=1575.0,V=1.623,0.377,1.623,S=76
RT/T=24320.000,24337.149,A=1620.0,V=1.000,1.000,1.000,S=76
RT/T=24400.000,24412.783,A=1665.0,V=1.623,0.377,1.623,S=76
RT/T=24480.000,24488.416,A=1710.0,V=1.000,1.000,1.000,S=76
RT/T=24560.000,24572.817,A=1710.0,V=1.844,1.844,1.844,S=120
RT/T=24600.000,24615.017,A=1710.0,V=1.000,1.000,1.000,S=60
RT/T=24679.000,24699.417,A=1710.0,V=1.844,1.844,1.844,S=120
RT/T=24720.000,24741.617,A=1710.0,V=1.000,1.000,1.000,S=60
RT/T=24800.000,24826.017,A=1710.0,V=1.844,1.844,1.844,S=120
RT/T=24842.000,24868.217,A=1710.0,V=1.000,1.000,1.000,S=60
RT/T=24920.000,24943.851,A=1665.0,V=0.377,1.623,0.377,S=76
RT/T=24999.000,25019.485,A=1620.0,V=1.000,1.000,1.000,S=76
RT/T=25080.000,25103.885,A=1620.0,V=1.844,1.844,1.844,S=120
RT/T=25120.000,25146.085,A=1620.0,V=1.000,1.000,1.000,S=60
RT/T=25200.000,25230.485,A=1620.0,V=1.844,1.844,1.844,S=120
RT/T=25241.000,25272.685,A=1620.0,V=1.000,1.000,1.000,S=60
RT/T=25320.000,25348.319,A=1575.0,V=0.377,1.623,0.377,S=76
RT/T=25400.000,25423.953,A=1530.0,V=1.000,1.000,1.000,S=76
RT/T=25480.000,25499.587,A=1485.0,V=0.377,1.623,0.377,S=76
RT/T=25560.000,25575.220,A=1440.0,V=1.000,1.000,1.000,S=76
RT/T=25640.000,25659.621,A=1440.0,V=1.844,1.844,1.844,S=120
RT/T=25679.000,25701.821,A=1440.0,V=1.000,1.000,1.000,S=60
RT/T=25760.000,25777.454,A=1485.0,V=1.623,0.377,1.623,S=76
RT/T=25841.000,25853.088,A=1530.0,V=1.000,1.000,1.000,S=76
RT/T=25999.000,26033.088,A=1530.0,V=-0.000,0.000,-0.000,S=90
RT/T=26200.000,26210.334,A=1620.0,V=0.532,-0.532,0.532,S=-0
RT/T=26359.000,26387.579,A=1710.0,V=-0.000,0.000,-0.000,S=-0
RT/T=26560.000,26567.579,A=1710.0,V=1.000,1.000,1.000,S=90
RT/T=26640.000,26643.213,A=1665.0,V=0.377,1.623,0.377,S=76
RT/T=26679.000,26718.847,A=1620.0,V=1.000,1.000,1.000,S=76
RT/T=26840.000,26859.666,A=1620.0,V=2.408,2.408,2.408,S=240
RT/T=26920.000,26930.076,A=1620.0,V=1.000,1.000,1.000,S=120
RT/T=26999.000,27014.476,A=1620.0,V=1.844,1.844,1.844,S=120
RT/T=27040.000,27056.676,A=1620.0,V=1.000,1.000,1.000,S=60
RT/T=27120.000,27132.310,A=1665.0,V=1.623,0.377,1.623,S=76
RT/T=27200.000,27207.944,A=1710.0,V=1.000,1.000,1.000,S=76
RT/T=27280.000,27292.344,A=1710.0,V=1.844,1.844,1.844,S=120
RT/T=27319.000,27334.544,A=1710.0,V=1.000,1.000,1.000,S=60
RT/T=27400.000,27410.178,A=1665.0,V=0.377,1.623,0.377,S=76
RT/T=27480.000,27485.811,A=1620.0,V=1.000,1.000,1.000,S=76
RT/T=27560.000,27561.445,A=1575.0,V=0.377,1.623,0.377,S=76
RT/T=27600.000,27637.079,A=1530.0,V=1.000,1.000,1.000,S=76
RT/T=27720.000,27721.479,A=1530.0,V=1.844,1.844,1.844,S=120
RT/T=27761.000,27763.679,A=1530.0,V=1.000,1.000,1.000,S=60
RT/T=27920.000,27943.679,A=1530.0,V=-0.000,0.000,-0.000,S=90
RT/T=28120.000,28120.925,A=1620.0,V=0.532,-0.532,0.532,S=-0
RT/T=28280.000,28298.170,A=1710.0,V=-0.000,0.000,-0.000,S=-0
RT/T=28440.000,28478.170,A=1710.0,V=1.000,1.000,1.000,S=90
RT/T=28560.000,28562.570,A=1710.0,V=1.844,1.844,1.844,S=120
RT/T=28600.000,28604.770,A=1710.0,V=1.000,1.000,1.000,S=60
RT/T=28679.000,28680.404,A=1665.0,V=0.377,1.623,0.377,S=76
RT/T=28720.000,28756.038,A=1620.0,V=1.000,1.000,1.000,S=76
RT/T=28800.000,28831.672,A=1575.0,V=0.377,1.623,0.377,S=76
RT/T=28880.000,28907.305,A=1530.0,V=1.000,1.000,1.000,S=76
RT/T=28960.000,28991.706,A=1530.0,V=1.844,1.844,1.844,S=120
RT/T=28999.000,29033.906,A=1530.0,V=1.000,1.000,1.000,S=60
RT/T=29080.000,29118.306,A=1530.0,V=1.844,1.844,1.844,S=120
RT/T=29160.000,29160.506,A=1530.0,V=1.000,1.000,1.000,S=60
RT/T=29240.000,29244.906,A=1530.0,V=1.844,1.844,1.844,S=120
RT/T=29280.000,29287.106,A=1530.0,V=1.000,1.000,1.000,S=60
RT/T=29360.000,29371.506,A=1530.0,V=1.844,1.844,1.844,S=120
RT/T=29400.000,29413.707,A=1530.0,V=1.000,1.000,1.000,S=60
RT/T=29480.000,29498.107,A=1530.0,V=1.844,1.844,1.844,S=120
RT/T=29520.000,29540.307,A=1530.0,V=1.000,1.000,1.000,S=60
RT/T=29600.000,29615.941,A=1485.0,V=0.377,1.623,0.377,S=76
RT/T=29679.000,29691.574,A=1440.0,V=1.000,1.000,1.000,S=76
RT/T=29760.000,29775.975,A=1440.0,V=1.844,1.844,1.844,S=120
RT/T=29800.000,29818.175,A=1440.0,V=1.000,1.000,1.000,S=60
RT/T=29880.000,29893.808,A=1485.0,V=1.623,0.377,1.623,S=76
RT/T=29960.000,29969.442,A=1530.0,V=1.000,1.000,1.000,S=76
RT/T=30040.000,30053.842,A=1530.0,V=1.844,1.844,1.844,S=120
RT/T=30080.000,30096.042,A=1530.0,V=1.000,1.000,1.000,S=60
RT/T=30160.000,30171.676,A=1485.0,V=0.377,1.623,0.377,S=76
RT/T=30240.000,30247.310,A=1440.0,V=1.000,1.000,1.000,S=76
RT/T=30319.000,30331.710,A=1440.0,V=1.844,1.844,1.844,S=120
RT/T=30360.000,30373.910,A=1440.0,V=1.000,1.000,1.000,S=60
RT/T=30440.000,30449.544,A=1395.0,V=0.377,1.623,0.377,S=76
RT/T=30520.000,30525.178,A=1350.0,V=1.000,1.000,1.000,S=76
RT/T=30600.000,30609.578,A=1350.0,V=1.844,1.844,1.844,S=120
RT/T=30640.000,30651.778,A=1350.0,V=1.000,1.000,1.000,S=60
RT/T=30720.000,30736.178,A=1350.0,V=1.844,1.844,1.844,S=120
RT/T=30760.000,30778.378,A=1350.0,V=1.000,1.000,1.000,S=60
RT/T=30840.000,30854.012,A=1395.0,V=1.623,0.377,1.623,S=76
RT/T=30920.000,30929.646,A=1440.0,V=1.000,1.000,1.000,S=76
RT/T=30999.000,31005.280,A=1485.0,V=1.623,0.377,1.623,S=76
RT/T=31080.000,31080.913,A=1530.0,V=1.000,1.000,1.000,S=76
RT/T=31160.000,31165.313,A=1530.0,V=1.844,1.844,1.844,S=120
RT/T=31201.000,31207.514,A=1530.0,V=1.000,1.000,1.000,S=60
RT/T=31280.000,31283.147,A=1485.0,V=0.377,1.623,0.377,S=76
RT/T=31319.000,31358.781,A=1440.0,V=1.000,1.000,1.000,S=76
RT/T=31520.000,31538.781,A=1440.0,V=-0.000,0.000,-0.000,S=90
RT/T=31725.000,31716.027,A=1530.0,V=0.532,-0.532,0.532,S=-0
RT/T=31880.000,31893.272,A=1620.0,V=-0.000,0.000,-0.000,S=-0
############### Search shortest path #################
RT/T=160.000,180.000,A=1620.0,V=1.000,1.000,1.000,S=90
RT/T=240.000,255.634,A=1665.0,V=1.623,0.377,1.623,S=76
RT/T=320.000,331.268,A=1710.0,V=1.000,1.000,1.000,S=76
RT/T=360.000,392.493,A=1710.0,V=1.612,1.612,1.612,S=80
RT/T=400.000,423.106,A=1710.0,V=1.000,1.000,1.000,S=40
RT/T=560.000,564.478,A=1620.0,V=1.000,2.333,1.000,S=188
RT/T=680.000,705.850,A=1530.0,V=1.000,1.000,1.000,S=188
RT/T=801.000,822.179,A=1530.0,V=2.163,2.163,2.163,S=184
RT/T=880.000,880.344,A=1530.0,V=1.000,1.000,1.000,S=92
RT/T=920.000,951.030,A=1575.0,V=2.333,1.000,2.333,S=94
RT/T=1000.000,1021.715,A=1620.0,V=1.000,1.000,1.000,S=94
RT/T=1081.000,1097.246,A=1620.0,V=1.755,1.755,1.755,S=104
RT/T=1119.000,1135.012,A=1620.0,V=1.000,1.000,1.000,S=52
RT/T=1200.000,1210.646,A=1575.0,V=0.377,1.623,0.377,S=76
RT/T=1280.000,1286.279,A=1530.0,V=1.000,1.000,1.000,S=76
RT/T=1360.000,1361.913,A=1575.0,V=1.623,0.377,1.623,S=76
RT/T=1400.000,1437.547,A=1620.0,V=1.000,1.000,1.000,S=76
RT/T=1600.000,1617.547,A=1620.0,V=-0.000,0.000,-0.000,S=90
RT/T=1759.000,1794.792,A=1710.0,V=0.532,-0.532,0.532,S=0
RT/T=1960.000,1972.038,A=1800.0,V=-0.000,0.000,-0.000,S=0
RT/T=2120.000,2152.038,A=1800.0,V=1.000,1.000,1.000,S=90
RT/T=2202.000,2227.672,A=1755.0,V=0.377,1.623,0.377,S=76
RT/T=2280.000,2303.305,A=1710.0,V=1.000,1.000,1.000,S=76
RT/T=2480.000,2489.672,A=1710.0,V=2.864,2.864,2.864,S=360
RT/T=2560.000,2582.856,A=1710.0,V=1.000,1.000,1.000,S=180
RT/T=2759.000,2762.856,A=1710.0,V=0.000,0.000,0.000,S=90
RT/T=2921.000,2940.101,A=1800.0,V=0.532,-0.532,0.532,S=0
RT/T=3080.000,3117.347,A=1890.0,V=0.000,0.000,0.000,S=0
RT/T=3280.000,3297.347,A=1890.0,V=1.000,1.000,1.000,S=90
RT/T=3419.000,3438.166,A=1890.0,V=2.408,2.408,2.408,S=240
RT/T=3480.000,3508.576,A=1890.0,V=1.000,1.000,1.000,S=120
RT/T=3560.000,3584.210,A=1845.0,V=0.377,1.623,0.377,S=76
RT/T=3640.000,3659.844,A=1800.0,V=1.000,1.000,1.000,S=76
RT/T=3725.000,3735.477,A=1755.0,V=0.377,1.623,0.377,S=76
RT/T=3801.000,3811.111,A=1710.0,V=1.000,1.000,1.000,S=76
RT/T=3890.000,3895.511,A=1710.0,V=1.844,1.844,1.844,S=120
RT/T=3920.000,3937.711,A=1710.0,V=1.000,1.000,1.000,S=60
RT/T=4001.000,4022.112,A=1710.0,V=1.844,1.844,1.844,S=120
RT/T=4040.000,4064.312,A=1710.0,V=1.000,1.000,1.000,S=60
RT/T=4120.000,4148.712,A=1710.0,V=1.844,1.844,1.844,S=120
RT/T=4161.000,4190.912,A=1710.0,V=1.000,1.000,1.000,S=60
RT/T=4243.000,4266.546,A=1665.0,V=0.377,1.623,0.377,S=76
RT/T=4321.000,4342.180,A=1620.0,V=1.000,1.000,1.000,S=76
RT/T=4400.000,4426.580,A=1620.0,V=1.844,1.844,1.844,S=120
RT/T=4439.000,4468.780,A=1620.0,V=1.000,1.000,1.000,S=60
RT/T=4520.000,4553.180,A=1620.0,V=1.844,1.844,1.844,S=120
RT/T=4560.000,4595.380,A=1620.0,V=1.000,1.000,1.000,S=60
RT/T=4641.000,4671.014,A=1665.0,V=1.623,0.377,1.623,S=76
RT/T=4720.000,4746.648,A=1710.0,V=1.000,1.000,1.000,S=76
RT/T=4800.000,4822.281,A=1755.0,V=1.623,0.377,1.623,S=76
RT/T=4880.000,4897.915,A=1800.0,V=1.000,1.000,1.000,S=76
RT/T=4960.000,4982.315,A=1800.0,V=1.844,1.844,1.844,S=120
RT/T=5000.000,5024.515,A=1800.0,V=1.000,1.000,1.000,S=60
RT/T=5079.000,5108.916,A=1800.0,V=1.844,1.844,1.844,S=120
RT/T=5120.000,5151.116,A=1800.0,V=1.000,1.000,1.000,S=60
RT/T=5200.000,5235.516,A=1800.0,V=1.844,1.844,1.844,S=120
RT/T=5240.000,5277.716,A=1800.0,V=1.000,1.000,1.000,S=60
RT/T=5360.000,5362.116,A=1800.0,V=1.844,1.844,1.844,S=120
RT/T=5400.000,5404.316,A=1800.0,V=1.000,1.000,1.000,S=60
RT/T=5440.000,5479.950,A=1845.0,V=1.623,0.377,1.623,S=76
RT/T=5520.000,5555.584,A=1890.0,V=1.000,1.000,1.000,S=76
RT/T=5600.000,5631.217,A=1845.0,V=0.377,1.623,0.377,S=76
RT/T=5680.000,5706.851,A=1800.0,V=1.000,1.000,1.000,S=76
RT/T=5880.000,5886.851,A=1800.0,V=0.000,0.000,0.000,S=90
RT/T=6041.000,6064.097,A=1890.0,V=0.532,-0.532,0.532,S=0
RT/T=6240.000,6241.342,A=1980.0,V=0.000,0.000,0.000,S=0
RT/T=6400.000,6421.342,A=1980.0,V=1.000,1.000,1.000,S=90
RT/T=6480.000,6496.976,A=2025.0,V=1.623,0.377,1.623,S=76
RT/T=6560.000,6572.610,A=2070.0,V=1.000,1.000,1.000,S=76
RT/T=6640.000,6648.243,A=2025.0,V=0.377,1.623,0.377,S=76
RT/T=6720.000,6723.877,A=1980.0,V=1.000,1.000,1.000,S=76
RT/T=6920.000,6944.519,A=1980.0,V=3.206,3.206,3.206,S=464
RT/T=7040.000,7054.840,A=1980.0,V=1.000,1.000,1.000,S=232
RT/T=7120.000,7125.526,A=2025.0,V=2.333,1.000,2.333,S=94
RT/T=7160.000,7196.212,A=2070.0,V=1.000,1.000,1.000,S=94
RT/T=7320.000,7323.356,A=2070.0,V=2.271,2.271,2.271,S=208
RT/T=7360.000,7386.928,A=2070.0,V=1.000,1.000,1.000,S=104
RT/T=7439.000,7457.614,A=2115.0,V=2.333,1.000,2.333,S=94
RT/T=7520.000,7528.300,A=2160.0,V=1.000,1.000,1.000,S=94
RT/T=7640.000,7662.367,A=2160.0,V=2.341,2.341,2.341,S=224
RT/T=7720.000,7729.401,A=2160.0,V=1.000,1.000,1.000,S=112
RT/T=7801.000,7813.801,A=2160.0,V=1.844,1.844,1.844,S=120
RT/T=7840.000,7856.001,A=2160.0,V=1.000,1.000,1.000,S=60
RT/T=8001.000,8036.001,A=2160.0,V=0.000,0.000,0.000,S=90
RT/T=8201.000,8213.247,A=2250.0,V=0.532,-0.532,0.532,S=0
RT/T=8360.000,8390.492,A=2340.0,V=0.000,0.000,0.000,S=0
RT/T=8560.000,8570.492,A=2340.0,V=1.000,1.000,1.000,S=90
RT/T=8720.000,8751.194,A=2340.0,V=2.807,2.807,2.807,S=344
RT/T=8840.000,8841.545,A=2340.0,V=1.000,1.000,1.000,S=172
RT/T=8880.000,8912.231,A=2295.0,V=1.000,2.333,1.000,S=94
RT/T=8960.000,8982.917,A=2250.0,V=1.000,1.000,1.000,S=94
RT/T=9240.000,9271.251,A=2250.0,V=3.883,3.883,3.883,S=704
RT/T=9399.000,9415.418,A=2250.0,V=1.000,1.000,1.000,S=352
RT/T=9480.000,9499.818,A=2250.0,V=1.844,1.844,1.844,S=120
RT/T=9520.000,9542.018,A=2250.0,V=1.000,1.000,1.000,S=60
RT/T=9720.000,9722.018,A=2250.0,V=0.000,0.000,0.000,S=90
RT/T=9880.000,9899.264,A=2340.0,V=0.532,-0.532,0.532,S=0
RT/T=10040.000,10076.509,A=2430.0,V=0.000,0.000,0.000,S=0
RT/T=10243.000,10256.509,A=2430.0,V=1.000,1.000,1.000,S=90
RT/T=10320.000,10332.040,A=2430.0,V=1.755,1.755,1.755,S=104
RT/T=10360.000,10369.806,A=2430.0,V=1.000,1.000,1.000,S=52
RT/T=10440.000,10440.491,A=2475.0,V=2.333,1.000,2.333,S=94
RT/T=10480.000,10511.177,A=2520.0,V=1.000,1.000,1.000,S=94
RT/T=10560.000,10577.324,A=2520.0,V=1.661,1.661,1.661,S=88
RT/T=10600.000,10610.398,A=2520.0,V=1.000,1.000,1.000,S=44
RT/T=10680.000,10681.083,A=2565.0,V=2.333,1.000,2.333,S=94
RT/T=10722.000,10751.769,A=2610.0,V=1.000,1.000,1.000,S=94
RT/T=10840.000,10878.913,A=2610.0,V=2.271,2.271,2.271,S=208
RT/T=10920.000,10942.485,A=2610.0,V=1.000,1.000,1.000,S=104
RT/T=11000.000,11013.171,A=2655.0,V=2.333,1.000,2.333,S=94
RT/T=11079.000,11083.857,A=2700.0,V=1.000,1.000,1.000,S=94
RT/T=11120.000,11159.388,A=2700.0,V=1.755,1.755,1.755,S=104
RT/T=11160.000,11197.153,A=2700.0,V=1.000,1.000,1.000,S=52
RT/T=11241.000,11272.787,A=2655.0,V=0.377,1.623,0.377,S=76
RT/T=11320.000,11348.421,A=2610.0,V=1.000,1.000,1.000,S=76
RT/T=11399.000,11432.821,A=2610.0,V=1.844,1.844,1.844,S=120
RT/T=11443.000,11475.021,A=2610.0,V=1.000,1.000,1.000,S=60
RT/T=11520.000,11550.655,A=2565.0,V=0.377,1.623,0.377,S=76
RT/T=11600.000,11626.289,A=2520.0,V=1.000,1.000,1.000,S=76
RT/T=11680.000,11701.922,A=2565.0,V=1.623,0.377,1.623,S=76
RT/T=11759.000,11777.556,A=2610.0,V=1.000,1.000,1.000,S=76
RT/T=11840.000,11861.956,A=2610.0,V=1.844,1.844,1.844,S=120
RT/T=11880.000,11904.156,A=2610.0,V=1.000,1.000,1.000,S=60
RT/T=11960.000,11979.790,A=2565.0,V=0.377,1.623,0.377,S=76
RT/T=12040.000,12055.424,A=2520.0,V=1.000,1.000,1.000,S=76
RT/T=12120.000,12139.824,A=2520.0,V=1.844,1.844,1.844,S=120
RT/T=12162.000,12182.024,A=2520.0,V=1.000,1.000,1.000,S=60
RT/T=12260.000,12257.658,A=2475.0,V=0.377,1.623,0.377,S=76
RT/T=12335.000,12333.292,A=2430.0,V=1.000,1.000,1.000,S=76
RT/T=12399.000,12408.926,A=2385.0,V=0.377,1.623,0.377,S=76
RT/T=12481.000,12484.559,A=2340.0,V=1.000,1.000,1.000,S=76
RT/T=12643.000,12664.559,A=2340.0,V=-0.000,0.000,-0.000,S=90
RT/T=12840.000,12841.805,A=2430.0,V=0.532,-0.532,0.532,S=0
RT/T=13001.000,13019.050,A=2520.0,V=-0.000,0.000,-0.000,S=0
RT/T=13160.000,13199.050,A=2520.0,V=1.000,1.000,1.000,S=90
RT/T=13240.000,13274.684,A=2565.0,V=1.623,0.377,1.623,S=76
RT/T=13321.000,13350.318,A=2610.0,V=1.000,1.000,1.000,S=76
RT/T=13399.000,13425.951,A=2565.0,V=0.377,1.623,0.377,S=76
RT/T=13480.000,13501.585,A=2520.0,V=1.000,1.000,1.000,S=76
RT/T=13800.000,13801.585,A=2520.0,V=4.000,4.000,4.000,S=750
RT/T=13881.000,13919.352,A=2520.0,V=4.000,4.000,4.000,S=471
RT/T=14040.000,14069.352,A=2520.0,V=1.000,1.000,1.000,S=375
RT/T=14120.000,14140.038,A=2475.0,V=1.000,2.333,1.000,S=94
RT/T=14200.000,14210.724,A=2430.0,V=1.000,1.000,1.000,S=94
RT/T=14280.000,14286.255,A=2430.0,V=1.755,1.755,1.755,S=104
RT/T=14320.000,14324.020,A=2430.0,V=1.000,1.000,1.000,S=52
RT/T=14399.000,14408.420,A=2430.0,V=1.844,1.844,1.844,S=120
RT/T=14441.000,14450.620,A=2430.0,V=1.000,1.000,1.000,S=60
RT/T=14520.000,14535.021,A=2430.0,V=1.844,1.844,1.844,S=120
RT/T=14560.000,14577.221,A=2430.0,V=1.000,1.000,1.000,S=60
############### found #################
RT/T=14840.000,14861.063,A=2430.0,V=3.838,3.838,3.838,S=687
RT/T=15000.000,15002.984,A=2430.0,V=1.000,1.000,1.000,S=343
RT/T=15001.000,15038.327,A=2407.5,V=1.000,2.333,1.000,S=47
RT/T=15040.000,15073.670,A=2385.0,V=1.000,1.000,1.000,S=47
RT/T=15120.000,15123.108,A=2385.0,V=1.494,1.494,1.494,S=62
RT/T=15120.000,15147.827,A=2385.0,V=1.000,1.000,1.000,S=31
RT/T=15200.000,15218.513,A=2430.0,V=2.333,1.000,2.333,S=94
RT/T=15281.000,15289.199,A=2475.0,V=1.000,1.000,1.000,S=94
RT/T=15282.000,15306.022,A=2475.0,V=1.168,1.168,1.168,S=18
RT/T=15282.000,15314.433,A=2475.0,V=1.000,1.000,1.000,S=9
RT/T=15360.000,15385.119,A=2430.0,V=1.000,2.333,1.000,S=94
RT/T=15440.000,15455.805,A=2385.0,V=1.000,1.000,1.000,S=94
RT/T=15441.000,15472.628,A=2385.0,V=1.168,1.168,1.168,S=18
RT/T=15480.000,15481.039,A=2385.0,V=1.000,1.000,1.000,S=9
RT/T=15520.000,15551.725,A=2430.0,V=2.333,1.000,2.333,S=94
RT/T=15600.000,15622.411,A=2475.0,V=1.000,1.000,1.000,S=94
RT/T=15680.000,15692.106,A=2475.0,V=1.697,1.697,1.697,S=94
RT/T=15719.000,15726.953,A=2475.0,V=1.000,1.000,1.000,S=47
RT/T=15800.000,15832.982,A=2542.5,V=2.333,1.000,2.333,S=141
RT/T=15920.000,15939.010,A=2610.0,V=1.000,1.000,1.000,S=141
RT/T=16200.000,16239.010,A=2610.0,V=4.000,4.000,4.000,S=750
RT/T=16561.000,16562.999,A=2610.0,V=4.000,4.000,4.000,S=1296
RT/T=16680.000,16713.000,A=2610.0,V=1.000,1.000,1.000,S=375
RT/T=16792.000,16783.685,A=2655.0,V=2.333,1.000,2.333,S=94
RT/T=16840.000,16854.371,A=2700.0,V=1.000,1.000,1.000,S=94
RT/T=17120.000,17154.371,A=2700.0,V=4.000,4.000,4.000,S=750
RT/T=17480.000,17497.129,A=2700.0,V=4.000,4.000,4.000,S=1371
RT/T=17640.000,17647.129,A=2700.0,V=1.000,1.000,1.000,S=375
RT/T=17800.000,17827.129,A=2700.0,V=0.000,0.000,0.000,S=90
RT/T=18001.000,18004.374,A=2790.0,V=0.532,-0.532,0.532,S=0
RT/T=18160.000,18181.620,A=2880.0,V=0.000,0.000,0.000,S=0
############### Second running #################
RT/T=200.000,200.000,A=2880.0,V=4.000,4.000,4.000,S=400
RT/T=680.000,709.019,A=2880.0,V=4.000,4.000,4.000,S=2036
RT/T=721.000,759.019,A=2880.0,V=2.000,2.000,2.000,S=150
RT/T=761.000,794.362,A=2835.0,V=2.000,4.667,2.000,S=94
RT/T=800.000,829.705,A=2790.0,V=2.000,2.000,2.000,S=94
RT/T=920.000,929.704,A=2790.0,V=4.000,4.000,4.000,S=300
RT/T=1400.000,1422.451,A=2790.0,V=4.000,4.000,4.000,S=1971
RT/T=1440.000,1472.451,A=2790.0,V=2.000,2.000,2.000,S=150
RT/T=1521.000,1525.465,A=2722.5,V=2.000,4.667,2.000,S=141
RT/T=1560.000,1578.480,A=2655.0,V=2.000,2.000,2.000,S=141
RT/T=1600.000,1617.733,A=2655.0,V=2.785,2.785,2.785,S=94
RT/T=1600.000,1637.360,A=2655.0,V=2.000,2.000,2.000,S=47
RT/T=1640.000,1672.703,A=2610.0,V=2.000,4.667,2.000,S=94
RT/T=1680.000,1708.045,A=2565.0,V=2.000,2.000,2.000,S=94
RT/T=1681.000,1716.743,A=2565.0,V=2.174,2.174,2.174,S=18
RT/T=1720.000,1721.092,A=2565.0,V=2.000,2.000,2.000,S=9
RT/T=1721.000,1756.435,A=2610.0,V=4.667,2.000,4.667,S=94
RT/T=1760.000,1791.778,A=2655.0,V=2.000,2.000,2.000,S=94
RT/T=1802.000,1800.475,A=2655.0,V=2.174,2.174,2.174,S=18
RT/T=1802.000,1804.824,A=2655.0,V=2.000,2.000,2.000,S=9
RT/T=1840.000,1840.167,A=2610.0,V=2.000,4.667,2.000,S=94
RT/T=1841.000,1875.510,A=2565.0,V=2.000,2.000,2.000,S=94
RT/T=1879.000,1902.518,A=2565.0,V=2.540,2.540,2.540,S=61
RT/T=1880.000,1916.022,A=2565.0,V=2.000,2.000,2.000,S=31
RT/T=1920.000,1933.693,A=2587.5,V=4.667,2.000,4.667,S=47
RT/T=1921.000,1951.365,A=2610.0,V=2.000,2.000,2.000,S=47
RT/T=2040.000,2051.364,A=2610.0,V=4.000,4.000,4.000,S=300
RT/T=2320.000,2325.615,A=2610.0,V=4.000,4.000,4.000,S=1097
RT/T=2360.000,2375.615,A=2610.0,V=2.000,2.000,2.000,S=150
RT/T=2419.000,2410.958,A=2655.0,V=4.667,2.000,4.667,S=94
RT/T=2440.000,2446.301,A=2700.0,V=2.000,2.000,2.000,S=94
RT/T=2520.000,2546.301,A=2700.0,V=4.000,4.000,4.000,S=300
RT/T=2884.000,2916.825,A=2700.0,V=4.000,4.000,4.000,S=1482
RT/T=2960.000,2966.825,A=2700.0,V=2.000,2.000,2.000,S=150
RT/T=3000.000,3002.167,A=2745.0,V=4.667,2.000,4.667,S=94
RT/T=3000.000,3037.510,A=2790.0,V=2.000,2.000,2.000,S=94
RT/T=3040.000,3068.152,A=2790.0,V=2.613,2.613,2.613,S=71
RT/T=3080.000,3083.473,A=2790.0,V=2.000,2.000,2.000,S=35
RT/T=3081.000,3101.144,A=2767.5,V=2.000,4.667,2.000,S=47
RT/T=3081.000,3118.815,A=2745.0,V=2.000,2.000,2.000,S=47
RT/T=3160.000,3161.902,A=2745.0,V=2.862,2.862,2.862,S=105
RT/T=3162.000,3183.446,A=2745.0,V=2.000,2.000,2.000,S=52
RT/T=3200.000,3201.117,A=2767.5,V=4.667,2.000,4.667,S=47
RT/T=3200.000,3218.789,A=2790.0,V=2.000,2.000,2.000,S=47
RT/T=3240.000,3249.688,A=2790.0,V=2.618,2.618,2.618,S=71
RT/T=3240.000,3265.137,A=2790.0,V=2.000,2.000,2.000,S=36
RT/T=3280.000,3300.480,A=2835.0,V=4.667,2.000,4.667,S=94
RT/T=3320.000,3335.823,A=2880.0,V=2.000,2.000,2.000,S=94
RT/T=3361.000,3366.465,A=2880.0,V=2.613,2.613,2.613,S=71
RT/T=3362.000,3381.785,A=2880.0,V=2.000,2.000,2.000,S=35
RT/T=3363.000,3399.457,A=2857.5,V=2.000,4.667,2.000,S=47
RT/T=3400.000,3417.128,A=2835.0,V=2.000,2.000,2.000,S=47
RT/T=3440.000,3460.215,A=2835.0,V=2.862,2.862,2.862,S=105
RT/T=3481.000,3481.759,A=2835.0,V=2.000,2.000,2.000,S=52
RT/T=3481.000,3499.430,A=2857.5,V=4.667,2.000,4.667,S=47
RT/T=3482.000,3517.101,A=2880.0,V=2.000,2.000,2.000,S=47
RT/T=3520.000,3548.000,A=2880.0,V=2.618,2.618,2.618,S=71
RT/T=3560.000,3563.450,A=2880.0,V=2.000,2.000,2.000,S=36
RT/T=3561.000,3598.793,A=2835.0,V=2.000,4.667,2.000,S=94
RT/T=3600.000,3634.136,A=2790.0,V=2.000,2.000,2.000,S=94
RT/T=3680.000,3702.657,A=2790.0,V=3.370,3.370,3.370,S=184
RT/T=3721.000,3736.918,A=2790.0,V=2.000,2.000,2.000,S=92
RT/T=3800.000,3807.604,A=2880.0,V=4.667,2.000,4.667,S=188
RT/T=3840.000,3878.290,A=2970.0,V=2.000,2.000,2.000,S=188
RT/T=3879.000,3906.328,A=2970.0,V=2.561,2.561,2.561,S=64
RT/T=3920.000,3920.347,A=2970.0,V=2.000,2.000,2.000,S=32
RT/T=3921.000,3955.690,A=2925.0,V=2.000,4.667,2.000,S=94
RT/T=3960.000,3991.033,A=2880.0,V=2.000,2.000,2.000,S=94
#0 0.246
#1
RT/T=4040.000,4042.932,A=2880.0,V=3.038,3.038,3.038,S=131
#3
RT/T=4080.000,4118.881,A=2880.0,V=0.000,0.000,0.000,S=115
#4
RT/T=4280.000,4296.126,A=2970.0,V=0.532,-0.532,0.532,S=0
RT/T=4440.000,4473.372,A=3060.0,V=0.000,0.000,0.000,S=0
############### Second comming back home #################
RT/T=160.000,180.000,A=3060.0,V=1.000,1.000,1.000,S=90
RT/T=240.000,255.531,A=3060.0,V=1.755,1.755,1.755,S=104
RT/T=280.000,293.297,A=3060.0,V=1.000,1.000,1.000,S=52
RT/T=360.000,363.982,A=3105.0,V=2.333,1.000,2.333,S=94
RT/T=403.000,434.668,A=3150.0,V=1.000,1.000,1.000,S=94
RT/T=481.000,485.709,A=3150.0,V=1.510,1.510,1.510,S=64
RT/T=486.000,511.229,A=3150.0,V=1.000,1.000,1.000,S=32
RT/T=641.000,652.601,A=3060.0,V=1.000,2.333,1.000,S=188
RT/T=759.000,793.973,A=2970.0,V=1.000,1.000,1.000,S=188
RT/T=887.000,910.302,A=2970.0,V=2.163,2.163,2.163,S=184
RT/T=960.000,968.467,A=2970.0,V=1.000,1.000,1.000,S=92
RT/T=1000.000,1039.152,A=3015.0,V=2.333,1.000,2.333,S=94
RT/T=1080.000,1109.838,A=3060.0,V=1.000,1.000,1.000,S=94
RT/T=1160.000,1165.228,A=3060.0,V=1.554,1.554,1.554,S=71
RT/T=1161.000,1192.922,A=3060.0,V=1.000,1.000,1.000,S=35
RT/T=1200.000,1228.265,A=3037.5,V=1.000,2.333,1.000,S=47
RT/T=1240.000,1263.608,A=3015.0,V=1.000,1.000,1.000,S=47
RT/T=1320.000,1339.483,A=3015.0,V=1.759,1.759,1.759,S=105
RT/T=1360.000,1377.420,A=3015.0,V=1.000,1.000,1.000,S=52
RT/T=1400.000,1412.763,A=3037.5,V=2.333,1.000,2.333,S=47
RT/T=1441.000,1448.106,A=3060.0,V=1.000,1.000,1.000,S=47
RT/T=1485.000,1503.896,A=3060.0,V=1.558,1.558,1.558,S=71
RT/T=1521.000,1531.790,A=3060.0,V=1.000,1.000,1.000,S=36
RT/T=1601.000,1602.476,A=3015.0,V=1.000,2.333,1.000,S=94
RT/T=1643.000,1673.162,A=2970.0,V=1.000,1.000,1.000,S=94
RT/T=1720.000,1728.552,A=2970.0,V=1.554,1.554,1.554,S=71
RT/T=1720.000,1756.246,A=2970.0,V=1.000,1.000,1.000,S=35
RT/T=1760.000,1791.589,A=2947.5,V=1.000,2.333,1.000,S=47
RT/T=1800.000,1826.932,A=2925.0,V=1.000,1.000,1.000,S=47
RT/T=1880.000,1902.807,A=2925.0,V=1.759,1.759,1.759,S=105
RT/T=1920.000,1940.744,A=2925.0,V=1.000,1.000,1.000,S=52
RT/T=1960.000,1976.087,A=2947.5,V=2.333,1.000,2.333,S=47
RT/T=2000.000,2011.430,A=2970.0,V=1.000,1.000,1.000,S=47
RT/T=2040.000,2067.219,A=2970.0,V=1.558,1.558,1.558,S=71
RT/T=2079.000,2095.114,A=2970.0,V=1.000,1.000,1.000,S=36
RT/T=2160.000,2165.800,A=2925.0,V=1.000,2.333,1.000,S=94
RT/T=2200.000,2236.486,A=2880.0,V=1.000,1.000,1.000,S=94
RT/T=2520.000,2536.486,A=2880.0,V=4.000,4.000,4.000,S=750
RT/T=2722.000,2738.252,A=2880.0,V=4.000,4.000,4.000,S=807
RT/T=2880.000,2888.252,A=2880.0,V=1.000,1.000,1.000,S=375
RT/T=2922.000,2958.938,A=2835.0,V=1.000,2.333,1.000,S=94
RT/T=3004.000,3029.624,A=2790.0,V=1.000,1.000,1.000,S=94
RT/T=3320.000,3329.624,A=2790.0,V=4.000,4.000,4.000,S=750
RT/T=3399.000,3434.860,A=2790.0,V=4.000,4.000,4.000,S=421
RT/T=3570.000,3584.860,A=2790.0,V=1.000,1.000,1.000,S=375
RT/T=3600.000,3620.203,A=2767.5,V=1.000,2.333,1.000,S=47
RT/T=3640.000,3655.545,A=2745.0,V=1.000,1.000,1.000,S=47
RT/T=3680.000,3704.984,A=2745.0,V=1.494,1.494,1.494,S=62
RT/T=3720.000,3729.703,A=2745.0,V=1.000,1.000,1.000,S=31
RT/T=3800.000,3800.389,A=2790.0,V=2.333,1.000,2.333,S=94
RT/T=3842.000,3871.075,A=2835.0,V=1.000,1.000,1.000,S=94
RT/T=3880.000,3887.898,A=2835.0,V=1.168,1.168,1.168,S=18
RT/T=3880.000,3896.309,A=2835.0,V=1.000,1.000,1.000,S=9
RT/T=3960.000,3966.995,A=2790.0,V=1.000,2.333,1.000,S=94
RT/T=4000.000,4037.681,A=2745.0,V=1.000,1.000,1.000,S=94
RT/T=4043.000,4054.504,A=2745.0,V=1.168,1.168,1.168,S=18
RT/T=4043.000,4062.915,A=2745.0,V=1.000,1.000,1.000,S=9
RT/T=4120.000,4133.601,A=2790.0,V=2.333,1.000,2.333,S=94
RT/T=4200.000,4204.287,A=2835.0,V=1.000,1.000,1.000,S=94
RT/T=4241.000,4273.981,A=2835.0,V=1.697,1.697,1.697,S=94
RT/T=4280.000,4308.829,A=2835.0,V=1.000,1.000,1.000,S=47
RT/T=4400.000,4414.857,A=2902.5,V=2.333,1.000,2.333,S=141
RT/T=4520.000,4520.886,A=2970.0,V=1.000,1.000,1.000,S=141
RT/T=4800.000,4820.886,A=2970.0,V=4.000,4.000,4.000,S=750
RT/T=5120.000,5144.875,A=2970.0,V=4.000,4.000,4.000,S=1296
RT/T=5280.000,5294.875,A=2970.0,V=1.000,1.000,1.000,S=375
RT/T=5360.000,5365.561,A=3015.0,V=2.333,1.000,2.333,S=94
RT/T=5399.000,5436.247,A=3060.0,V=1.000,1.000,1.000,S=94
RT/T=5720.000,5736.247,A=3060.0,V=4.000,4.000,4.000,S=750
RT/T=6040.000,6079.005,A=3060.0,V=4.000,4.000,4.000,S=1371
RT/T=6202.000,6229.005,A=3060.0,V=1.000,1.000,1.000,S=375
RT/T=6399.000,6409.005,A=3060.0,V=0.000,0.000,0.000,S=90
RT/T=6560.000,6586.250,A=3150.0,V=0.532,-0.532,0.532,S=0
RT/T=6766.000,6763.495,A=3240.0,V=0.000,0.000,0.000,S=0
############### Second running #################
